2024.07.23 07:55:54 INFO  es[][o.e.n.Node] version[8.11.0], pid[143], build[tar/d9ec3fa628c7b0ba3d25692e277ba26814820b20/2023-11-04T10:04:57.184859352Z], OS[Linux/5.15.133.1-microsoft-standard-WSL2/amd64], JVM[Eclipse Adoptium/OpenJDK 64-Bit Server VM/17.0.11/17.0.11+9]
2024.07.23 07:55:54 INFO  es[][o.e.n.Node] JVM home [/opt/java/openjdk], using bundled JDK [false]
2024.07.23 07:55:54 INFO  es[][o.e.n.Node] JVM arguments [-Des.networkaddress.cache.ttl=60, -Des.networkaddress.cache.negative.ttl=10, -Djava.security.manager=allow, -XX:+AlwaysPreTouch, -Xss1m, -Djava.awt.headless=true, -Dfile.encoding=UTF-8, -Djna.nosys=true, -XX:-OmitStackTraceInFastThrow, -Dio.netty.noUnsafe=true, -Dio.netty.noKeySetOptimization=true, -Dio.netty.recycler.maxCapacityPerThread=0, -Dlog4j.shutdownHookEnabled=false, -Dlog4j2.disable.jmx=true, -Dlog4j2.formatMsgNoLookups=true, -Djava.locale.providers=SPI,COMPAT, --add-opens=java.base/java.io=org.elasticsearch.preallocate, -XX:+UseG1GC, -Djava.io.tmpdir=/opt/sonarqube/temp, -XX:ErrorFile=/opt/sonarqube/logs/es_hs_err_pid%p.log, -Xlog:disable, -Des.networkaddress.cache.ttl=60, -Des.networkaddress.cache.negative.ttl=10, -XX:+AlwaysPreTouch, -Xss1m, -Djava.awt.headless=true, -Dfile.encoding=UTF-8, -Djna.nosys=true, -Djna.tmpdir=/opt/sonarqube/temp, -XX:-OmitStackTraceInFastThrow, -Dio.netty.noUnsafe=true, -Dio.netty.noKeySetOptimization=true, -Dio.netty.recycler.maxCapacityPerThread=0, -Dio.netty.allocator.numDirectArenas=0, -Dlog4j.shutdownHookEnabled=false, -Dlog4j2.disable.jmx=true, -Dlog4j2.formatMsgNoLookups=true, -Djava.locale.providers=COMPAT, -Dcom.redhat.fips=false, -Xmx512m, -Xms512m, -XX:MaxDirectMemorySize=256m, -XX:+HeapDumpOnOutOfMemoryError, -XX:G1HeapRegionSize=4m, -XX:InitiatingHeapOccupancyPercent=30, -XX:G1ReservePercent=15, -Des.distribution.type=tar, --module-path=/opt/sonarqube/elasticsearch/lib, --add-modules=jdk.net, --add-modules=ALL-MODULE-PATH, -Djdk.module.main=org.elasticsearch.server]
2024.07.23 07:55:55 INFO  es[][o.e.p.PluginsService] loaded module [lang-painless]
2024.07.23 07:55:55 INFO  es[][o.e.p.PluginsService] loaded module [parent-join]
2024.07.23 07:55:55 INFO  es[][o.e.p.PluginsService] loaded module [x-pack-core]
2024.07.23 07:55:55 INFO  es[][o.e.p.PluginsService] loaded module [old-lucene-versions]
2024.07.23 07:55:55 INFO  es[][o.e.p.PluginsService] loaded module [rest-root]
2024.07.23 07:55:55 INFO  es[][o.e.p.PluginsService] loaded module [reindex]
2024.07.23 07:55:55 INFO  es[][o.e.p.PluginsService] loaded module [x-pack-redact]
2024.07.23 07:55:55 INFO  es[][o.e.p.PluginsService] loaded module [analysis-common]
2024.07.23 07:55:55 INFO  es[][o.e.p.PluginsService] loaded module [x-pack-security]
2024.07.23 07:55:55 INFO  es[][o.e.p.PluginsService] loaded module [transport-netty4]
2024.07.23 07:55:55 INFO  es[][o.e.p.PluginsService] loaded module [apm]
2024.07.23 07:55:55 INFO  es[][o.e.p.PluginsService] loaded module [aggregations]
2024.07.23 07:55:57 INFO  es[][o.e.e.NodeEnvironment] using [1] data paths, mounts [[/opt/sonarqube/data (C:\)]], net usable_space [50.9gb], net total_space [588.5gb], types [9p]
2024.07.23 07:55:57 INFO  es[][o.e.e.NodeEnvironment] heap size [512mb], compressed ordinary object pointers [true]
2024.07.23 07:55:57 INFO  es[][o.e.n.Node] node name [sonarqube], node ID [zbEsjGluSU6IPdlhMuSB-Q], cluster name [sonarqube], roles [data_warm, data_content, transform, data_hot, ml, data_frozen, ingest, data_cold, data, remote_cluster_client, master]
2024.07.23 07:55:58 INFO  es[][o.e.x.s.Security] Security is disabled
2024.07.23 07:55:58 INFO  es[][o.e.t.n.NettyAllocator] creating NettyAllocator with the following configs: [name=unpooled, suggested_max_allocation_size=1mb, factors={es.unsafe.use_unpooled_allocator=null, g1gc_enabled=true, g1gc_region_size=4mb, heap_size=512mb}]
2024.07.23 07:55:58 INFO  es[][o.e.i.r.RecoverySettings] using rate limit [40mb] with [default=40mb, read=0b, write=0b, max=0b]
2024.07.23 07:55:58 INFO  es[][o.e.d.DiscoveryModule] using discovery type [single-node] and seed hosts providers [settings]
2024.07.23 07:55:58 INFO  es[][o.e.n.Node] initialized
2024.07.23 07:55:58 INFO  es[][o.e.n.Node] starting ...
2024.07.23 07:55:58 INFO  es[][o.e.t.TransportService] publish_address {127.0.0.1:41875}, bound_addresses {127.0.0.1:41875}
2024.07.23 07:55:59 INFO  es[][o.e.c.c.ClusterBootstrapService] this node is locked into cluster UUID [K19FA_m5TOK2_4_Jqe5pmg] and will not attempt further cluster bootstrapping
2024.07.23 07:55:59 INFO  es[][o.e.c.s.MasterService] elected-as-master ([1] nodes joined in term 4)[_FINISH_ELECTION_, {sonarqube}{zbEsjGluSU6IPdlhMuSB-Q}{vCqCOyYMScm4smA3Zv007w}{sonarqube}{127.0.0.1}{127.0.0.1:41875}{cdfhilmrstw}{8.11.0}{7000099-8500003} completing election], term: 4, version: 19, delta: master node changed {previous [], current [{sonarqube}{zbEsjGluSU6IPdlhMuSB-Q}{vCqCOyYMScm4smA3Zv007w}{sonarqube}{127.0.0.1}{127.0.0.1:41875}{cdfhilmrstw}{8.11.0}{7000099-8500003}]}
2024.07.23 07:55:59 INFO  es[][o.e.c.s.ClusterApplierService] master node changed {previous [], current [{sonarqube}{zbEsjGluSU6IPdlhMuSB-Q}{vCqCOyYMScm4smA3Zv007w}{sonarqube}{127.0.0.1}{127.0.0.1:41875}{cdfhilmrstw}{8.11.0}{7000099-8500003}]}, term: 4, version: 19, reason: Publication{term=4, version=19}
2024.07.23 07:55:59 INFO  es[][o.e.c.f.AbstractFileWatchingService] starting file watcher ...
2024.07.23 07:55:59 INFO  es[][o.e.c.f.AbstractFileWatchingService] file settings service up and running [tid=41]
2024.07.23 07:55:59 INFO  es[][o.e.c.c.NodeJoinExecutor] node-join: [{sonarqube}{zbEsjGluSU6IPdlhMuSB-Q}{vCqCOyYMScm4smA3Zv007w}{sonarqube}{127.0.0.1}{127.0.0.1:41875}{cdfhilmrstw}{8.11.0}{7000099-8500003}] with reason [completing election]
2024.07.23 07:55:59 INFO  es[][o.e.h.AbstractHttpServerTransport] publish_address {127.0.0.1:9001}, bound_addresses {127.0.0.1:9001}
2024.07.23 07:55:59 INFO  es[][o.e.n.Node] started {sonarqube}{zbEsjGluSU6IPdlhMuSB-Q}{vCqCOyYMScm4smA3Zv007w}{sonarqube}{127.0.0.1}{127.0.0.1:41875}{cdfhilmrstw}{8.11.0}{7000099-8500003}{rack_id=sonarqube, xpack.installed=true}
2024.07.23 07:55:59 INFO  es[][o.e.l.ClusterStateLicenseService] license [b9274032-0e4d-4c12-bb1c-cf235808802d] mode [basic] - valid
2024.07.23 07:55:59 INFO  es[][o.e.g.GatewayService] recovered [1] indices into cluster_state
2024.07.23 07:55:59 INFO  es[][o.e.h.n.s.HealthNodeTaskExecutor] Node [{sonarqube}{zbEsjGluSU6IPdlhMuSB-Q}] is selected as the current health node.
2024.07.23 07:55:59 INFO  es[][o.e.c.r.a.AllocationService] current.health="RED" message="Cluster health status changed from [YELLOW] to [RED] (reason: [reconcile-desired-balance])." previous.health="YELLOW" reason="reconcile-desired-balance"
2024.07.23 07:56:05 WARN  es[][r.suppressed] path: /metadatas/_doc/dbVendor, params: {stored_fields=value, index=metadatas, id=dbVendor}
org.elasticsearch.action.NoShardAvailableActionException: No shard available for [get [metadatas][dbVendor]: routing [null]]
	at org.elasticsearch.action.support.single.shard.TransportSingleShardAction$AsyncSingleAction.perform(TransportSingleShardAction.java:210) ~[elasticsearch-8.11.0.jar:?]
	at org.elasticsearch.action.support.single.shard.TransportSingleShardAction$AsyncSingleAction.start(TransportSingleShardAction.java:187) ~[elasticsearch-8.11.0.jar:?]
	at org.elasticsearch.action.support.single.shard.TransportSingleShardAction.doExecute(TransportSingleShardAction.java:106) ~[elasticsearch-8.11.0.jar:?]
	at org.elasticsearch.action.support.single.shard.TransportSingleShardAction.doExecute(TransportSingleShardAction.java:53) ~[elasticsearch-8.11.0.jar:?]
	at org.elasticsearch.action.support.TransportAction$RequestFilterChain.proceed(TransportAction.java:87) ~[elasticsearch-8.11.0.jar:?]
	at org.elasticsearch.action.support.TransportAction.execute(TransportAction.java:62) ~[elasticsearch-8.11.0.jar:?]
	at org.elasticsearch.tasks.TaskManager.registerAndExecute(TaskManager.java:197) ~[elasticsearch-8.11.0.jar:?]
	at org.elasticsearch.client.internal.node.NodeClient.executeLocally(NodeClient.java:113) ~[elasticsearch-8.11.0.jar:?]
	at org.elasticsearch.client.internal.node.NodeClient.doExecute(NodeClient.java:91) ~[elasticsearch-8.11.0.jar:?]
	at org.elasticsearch.client.internal.support.AbstractClient.execute(AbstractClient.java:379) ~[elasticsearch-8.11.0.jar:?]
	at org.elasticsearch.client.internal.support.AbstractClient.get(AbstractClient.java:479) ~[elasticsearch-8.11.0.jar:?]
	at org.elasticsearch.rest.action.document.RestGetAction.lambda$prepareRequest$1(RestGetAction.java:86) ~[elasticsearch-8.11.0.jar:?]
	at org.elasticsearch.rest.BaseRestHandler.handleRequest(BaseRestHandler.java:103) ~[elasticsearch-8.11.0.jar:?]
	at org.elasticsearch.xpack.security.rest.SecurityRestFilter.doHandleRequest(SecurityRestFilter.java:96) ~[?:?]
	at org.elasticsearch.xpack.security.rest.SecurityRestFilter.handleRequest(SecurityRestFilter.java:76) ~[?:?]
	at org.elasticsearch.rest.RestController.dispatchRequest(RestController.java:414) ~[elasticsearch-8.11.0.jar:?]
	at org.elasticsearch.rest.RestController.tryAllHandlers(RestController.java:543) ~[elasticsearch-8.11.0.jar:?]
	at org.elasticsearch.rest.RestController.dispatchRequest(RestController.java:316) ~[elasticsearch-8.11.0.jar:?]
	at org.elasticsearch.http.AbstractHttpServerTransport.dispatchRequest(AbstractHttpServerTransport.java:453) ~[elasticsearch-8.11.0.jar:?]
	at org.elasticsearch.http.AbstractHttpServerTransport.handleIncomingRequest(AbstractHttpServerTransport.java:549) ~[elasticsearch-8.11.0.jar:?]
	at org.elasticsearch.http.AbstractHttpServerTransport.incomingRequest(AbstractHttpServerTransport.java:426) ~[elasticsearch-8.11.0.jar:?]
	at org.elasticsearch.http.netty4.Netty4HttpPipeliningHandler.handlePipelinedRequest(Netty4HttpPipeliningHandler.java:128) ~[?:?]
	at org.elasticsearch.http.netty4.Netty4HttpPipeliningHandler.channelRead(Netty4HttpPipeliningHandler.java:118) ~[?:?]
	at io.netty.channel.AbstractChannelHandlerContext.invokeChannelRead(AbstractChannelHandlerContext.java:442) ~[?:?]
	at io.netty.channel.AbstractChannelHandlerContext.invokeChannelRead(AbstractChannelHandlerContext.java:420) ~[?:?]
	at io.netty.channel.AbstractChannelHandlerContext.fireChannelRead(AbstractChannelHandlerContext.java:412) ~[?:?]
	at io.netty.handler.codec.MessageToMessageDecoder.channelRead(MessageToMessageDecoder.java:103) ~[?:?]
	at io.netty.handler.codec.MessageToMessageCodec.channelRead(MessageToMessageCodec.java:111) ~[?:?]
	at io.netty.channel.AbstractChannelHandlerContext.invokeChannelRead(AbstractChannelHandlerContext.java:442) ~[?:?]
	at io.netty.channel.AbstractChannelHandlerContext.invokeChannelRead(AbstractChannelHandlerContext.java:420) ~[?:?]
	at io.netty.channel.AbstractChannelHandlerContext.fireChannelRead(AbstractChannelHandlerContext.java:412) ~[?:?]
	at io.netty.handler.codec.MessageToMessageDecoder.channelRead(MessageToMessageDecoder.java:103) ~[?:?]
	at io.netty.channel.AbstractChannelHandlerContext.invokeChannelRead(AbstractChannelHandlerContext.java:444) ~[?:?]
	at io.netty.channel.AbstractChannelHandlerContext.invokeChannelRead(AbstractChannelHandlerContext.java:420) ~[?:?]
	at io.netty.channel.AbstractChannelHandlerContext.fireChannelRead(AbstractChannelHandlerContext.java:412) ~[?:?]
	at io.netty.handler.codec.MessageToMessageDecoder.channelRead(MessageToMessageDecoder.java:103) ~[?:?]
	at io.netty.channel.AbstractChannelHandlerContext.invokeChannelRead(AbstractChannelHandlerContext.java:444) ~[?:?]
	at io.netty.channel.AbstractChannelHandlerContext.invokeChannelRead(AbstractChannelHandlerContext.java:420) ~[?:?]
	at io.netty.channel.AbstractChannelHandlerContext.fireChannelRead(AbstractChannelHandlerContext.java:412) ~[?:?]
	at io.netty.handler.codec.ByteToMessageDecoder.fireChannelRead(ByteToMessageDecoder.java:346) ~[?:?]
	at io.netty.handler.codec.ByteToMessageDecoder.channelRead(ByteToMessageDecoder.java:318) ~[?:?]
	at io.netty.channel.AbstractChannelHandlerContext.invokeChannelRead(AbstractChannelHandlerContext.java:444) ~[?:?]
	at io.netty.channel.AbstractChannelHandlerContext.invokeChannelRead(AbstractChannelHandlerContext.java:420) ~[?:?]
	at io.netty.channel.AbstractChannelHandlerContext.fireChannelRead(AbstractChannelHandlerContext.java:412) ~[?:?]
	at io.netty.handler.codec.MessageToMessageDecoder.channelRead(MessageToMessageDecoder.java:103) ~[?:?]
	at io.netty.channel.AbstractChannelHandlerContext.invokeChannelRead(AbstractChannelHandlerContext.java:444) ~[?:?]
	at io.netty.channel.AbstractChannelHandlerContext.invokeChannelRead(AbstractChannelHandlerContext.java:420) ~[?:?]
	at io.netty.channel.AbstractChannelHandlerContext.fireChannelRead(AbstractChannelHandlerContext.java:412) ~[?:?]
	at io.netty.channel.DefaultChannelPipeline$HeadContext.channelRead(DefaultChannelPipeline.java:1410) ~[?:?]
	at io.netty.channel.AbstractChannelHandlerContext.invokeChannelRead(AbstractChannelHandlerContext.java:440) ~[?:?]
	at io.netty.channel.AbstractChannelHandlerContext.invokeChannelRead(AbstractChannelHandlerContext.java:420) ~[?:?]
	at io.netty.channel.DefaultChannelPipeline.fireChannelRead(DefaultChannelPipeline.java:919) ~[?:?]
	at io.netty.channel.nio.AbstractNioByteChannel$NioByteUnsafe.read(AbstractNioByteChannel.java:166) ~[?:?]
	at io.netty.channel.nio.NioEventLoop.processSelectedKey(NioEventLoop.java:788) ~[?:?]
	at io.netty.channel.nio.NioEventLoop.processSelectedKeysPlain(NioEventLoop.java:689) ~[?:?]
	at io.netty.channel.nio.NioEventLoop.processSelectedKeys(NioEventLoop.java:652) ~[?:?]
	at io.netty.channel.nio.NioEventLoop.run(NioEventLoop.java:562) ~[?:?]
	at io.netty.util.concurrent.SingleThreadEventExecutor$4.run(SingleThreadEventExecutor.java:997) ~[?:?]
	at io.netty.util.internal.ThreadExecutorMap$2.run(ThreadExecutorMap.java:74) ~[?:?]
	at java.lang.Thread.run(Unknown Source) ~[?:?]
2024.07.23 07:56:06 INFO  es[][o.e.n.Node] stopping ...
2024.07.23 07:56:06 INFO  es[][o.e.c.f.AbstractFileWatchingService] shutting down watcher thread
2024.07.23 07:56:06 INFO  es[][o.e.c.f.AbstractFileWatchingService] watcher service stopped
2024.07.23 07:56:06 INFO  es[][o.e.n.Node] stopped
2024.07.23 07:56:06 INFO  es[][o.e.n.Node] closing ...
2024.07.23 07:56:06 INFO  es[][o.e.n.Node] closed
2024.07.23 07:59:48 INFO  es[][o.e.n.Node] version[8.11.0], pid[141], build[tar/d9ec3fa628c7b0ba3d25692e277ba26814820b20/2023-11-04T10:04:57.184859352Z], OS[Linux/5.15.133.1-microsoft-standard-WSL2/amd64], JVM[Eclipse Adoptium/OpenJDK 64-Bit Server VM/17.0.11/17.0.11+9]
2024.07.23 07:59:48 INFO  es[][o.e.n.Node] JVM home [/opt/java/openjdk], using bundled JDK [false]
2024.07.23 07:59:48 INFO  es[][o.e.n.Node] JVM arguments [-Des.networkaddress.cache.ttl=60, -Des.networkaddress.cache.negative.ttl=10, -Djava.security.manager=allow, -XX:+AlwaysPreTouch, -Xss1m, -Djava.awt.headless=true, -Dfile.encoding=UTF-8, -Djna.nosys=true, -XX:-OmitStackTraceInFastThrow, -Dio.netty.noUnsafe=true, -Dio.netty.noKeySetOptimization=true, -Dio.netty.recycler.maxCapacityPerThread=0, -Dlog4j.shutdownHookEnabled=false, -Dlog4j2.disable.jmx=true, -Dlog4j2.formatMsgNoLookups=true, -Djava.locale.providers=SPI,COMPAT, --add-opens=java.base/java.io=org.elasticsearch.preallocate, -XX:+UseG1GC, -Djava.io.tmpdir=/opt/sonarqube/temp, -XX:ErrorFile=/opt/sonarqube/logs/es_hs_err_pid%p.log, -Xlog:disable, -Des.networkaddress.cache.ttl=60, -Des.networkaddress.cache.negative.ttl=10, -XX:+AlwaysPreTouch, -Xss1m, -Djava.awt.headless=true, -Dfile.encoding=UTF-8, -Djna.nosys=true, -Djna.tmpdir=/opt/sonarqube/temp, -XX:-OmitStackTraceInFastThrow, -Dio.netty.noUnsafe=true, -Dio.netty.noKeySetOptimization=true, -Dio.netty.recycler.maxCapacityPerThread=0, -Dio.netty.allocator.numDirectArenas=0, -Dlog4j.shutdownHookEnabled=false, -Dlog4j2.disable.jmx=true, -Dlog4j2.formatMsgNoLookups=true, -Djava.locale.providers=COMPAT, -Dcom.redhat.fips=false, -Xmx512m, -Xms512m, -XX:MaxDirectMemorySize=256m, -XX:+HeapDumpOnOutOfMemoryError, -XX:G1HeapRegionSize=4m, -XX:InitiatingHeapOccupancyPercent=30, -XX:G1ReservePercent=15, -Des.distribution.type=tar, --module-path=/opt/sonarqube/elasticsearch/lib, --add-modules=jdk.net, --add-modules=ALL-MODULE-PATH, -Djdk.module.main=org.elasticsearch.server]
2024.07.23 07:59:49 INFO  es[][o.e.p.PluginsService] loaded module [lang-painless]
2024.07.23 07:59:49 INFO  es[][o.e.p.PluginsService] loaded module [parent-join]
2024.07.23 07:59:49 INFO  es[][o.e.p.PluginsService] loaded module [x-pack-core]
2024.07.23 07:59:49 INFO  es[][o.e.p.PluginsService] loaded module [old-lucene-versions]
2024.07.23 07:59:49 INFO  es[][o.e.p.PluginsService] loaded module [rest-root]
2024.07.23 07:59:49 INFO  es[][o.e.p.PluginsService] loaded module [reindex]
2024.07.23 07:59:49 INFO  es[][o.e.p.PluginsService] loaded module [x-pack-redact]
2024.07.23 07:59:49 INFO  es[][o.e.p.PluginsService] loaded module [analysis-common]
2024.07.23 07:59:49 INFO  es[][o.e.p.PluginsService] loaded module [x-pack-security]
2024.07.23 07:59:49 INFO  es[][o.e.p.PluginsService] loaded module [transport-netty4]
2024.07.23 07:59:49 INFO  es[][o.e.p.PluginsService] loaded module [apm]
2024.07.23 07:59:49 INFO  es[][o.e.p.PluginsService] loaded module [aggregations]
2024.07.23 07:59:51 INFO  es[][o.e.e.NodeEnvironment] using [1] data paths, mounts [[/opt/sonarqube/data (C:\)]], net usable_space [50.9gb], net total_space [588.5gb], types [9p]
2024.07.23 07:59:51 INFO  es[][o.e.e.NodeEnvironment] heap size [512mb], compressed ordinary object pointers [true]
2024.07.23 07:59:51 INFO  es[][o.e.n.Node] node name [sonarqube], node ID [zbEsjGluSU6IPdlhMuSB-Q], cluster name [sonarqube], roles [ingest, data_cold, data, remote_cluster_client, master, data_warm, data_content, transform, data_hot, ml, data_frozen]
2024.07.23 07:59:52 INFO  es[][o.e.x.s.Security] Security is disabled
2024.07.23 07:59:52 INFO  es[][o.e.t.n.NettyAllocator] creating NettyAllocator with the following configs: [name=unpooled, suggested_max_allocation_size=1mb, factors={es.unsafe.use_unpooled_allocator=null, g1gc_enabled=true, g1gc_region_size=4mb, heap_size=512mb}]
2024.07.23 07:59:52 INFO  es[][o.e.i.r.RecoverySettings] using rate limit [40mb] with [default=40mb, read=0b, write=0b, max=0b]
2024.07.23 07:59:52 INFO  es[][o.e.d.DiscoveryModule] using discovery type [single-node] and seed hosts providers [settings]
2024.07.23 07:59:52 INFO  es[][o.e.n.Node] initialized
2024.07.23 07:59:52 INFO  es[][o.e.n.Node] starting ...
2024.07.23 07:59:52 INFO  es[][o.e.t.TransportService] publish_address {127.0.0.1:36097}, bound_addresses {127.0.0.1:36097}
2024.07.23 07:59:53 INFO  es[][o.e.c.c.ClusterBootstrapService] this node is locked into cluster UUID [K19FA_m5TOK2_4_Jqe5pmg] and will not attempt further cluster bootstrapping
2024.07.23 07:59:53 INFO  es[][o.e.c.s.MasterService] elected-as-master ([1] nodes joined in term 5)[_FINISH_ELECTION_, {sonarqube}{zbEsjGluSU6IPdlhMuSB-Q}{Gy2AbRXWS-6yTnW6WTri1g}{sonarqube}{127.0.0.1}{127.0.0.1:36097}{cdfhilmrstw}{8.11.0}{7000099-8500003} completing election], term: 5, version: 24, delta: master node changed {previous [], current [{sonarqube}{zbEsjGluSU6IPdlhMuSB-Q}{Gy2AbRXWS-6yTnW6WTri1g}{sonarqube}{127.0.0.1}{127.0.0.1:36097}{cdfhilmrstw}{8.11.0}{7000099-8500003}]}
2024.07.23 07:59:53 INFO  es[][o.e.c.s.ClusterApplierService] master node changed {previous [], current [{sonarqube}{zbEsjGluSU6IPdlhMuSB-Q}{Gy2AbRXWS-6yTnW6WTri1g}{sonarqube}{127.0.0.1}{127.0.0.1:36097}{cdfhilmrstw}{8.11.0}{7000099-8500003}]}, term: 5, version: 24, reason: Publication{term=5, version=24}
2024.07.23 07:59:53 INFO  es[][o.e.c.f.AbstractFileWatchingService] starting file watcher ...
2024.07.23 07:59:53 INFO  es[][o.e.c.f.AbstractFileWatchingService] file settings service up and running [tid=41]
2024.07.23 07:59:53 INFO  es[][o.e.h.AbstractHttpServerTransport] publish_address {127.0.0.1:9001}, bound_addresses {127.0.0.1:9001}
2024.07.23 07:59:53 INFO  es[][o.e.c.c.NodeJoinExecutor] node-join: [{sonarqube}{zbEsjGluSU6IPdlhMuSB-Q}{Gy2AbRXWS-6yTnW6WTri1g}{sonarqube}{127.0.0.1}{127.0.0.1:36097}{cdfhilmrstw}{8.11.0}{7000099-8500003}] with reason [completing election]
2024.07.23 07:59:53 INFO  es[][o.e.n.Node] started {sonarqube}{zbEsjGluSU6IPdlhMuSB-Q}{Gy2AbRXWS-6yTnW6WTri1g}{sonarqube}{127.0.0.1}{127.0.0.1:36097}{cdfhilmrstw}{8.11.0}{7000099-8500003}{xpack.installed=true, rack_id=sonarqube}
2024.07.23 07:59:53 INFO  es[][o.e.l.ClusterStateLicenseService] license [b9274032-0e4d-4c12-bb1c-cf235808802d] mode [basic] - valid
2024.07.23 07:59:53 INFO  es[][o.e.g.GatewayService] recovered [1] indices into cluster_state
2024.07.23 07:59:53 INFO  es[][o.e.h.n.s.HealthNodeTaskExecutor] Node [{sonarqube}{zbEsjGluSU6IPdlhMuSB-Q}] is selected as the current health node.
2024.07.23 07:59:53 INFO  es[][o.e.c.r.a.AllocationService] current.health="RED" message="Cluster health status changed from [YELLOW] to [RED] (reason: [reconcile-desired-balance])." previous.health="YELLOW" reason="reconcile-desired-balance"
2024.07.23 08:00:00 WARN  es[][r.suppressed] path: /metadatas/_doc/dbVendor, params: {stored_fields=value, index=metadatas, id=dbVendor}
org.elasticsearch.action.NoShardAvailableActionException: No shard available for [get [metadatas][dbVendor]: routing [null]]
	at org.elasticsearch.action.support.single.shard.TransportSingleShardAction$AsyncSingleAction.perform(TransportSingleShardAction.java:210) ~[elasticsearch-8.11.0.jar:?]
	at org.elasticsearch.action.support.single.shard.TransportSingleShardAction$AsyncSingleAction.start(TransportSingleShardAction.java:187) ~[elasticsearch-8.11.0.jar:?]
	at org.elasticsearch.action.support.single.shard.TransportSingleShardAction.doExecute(TransportSingleShardAction.java:106) ~[elasticsearch-8.11.0.jar:?]
	at org.elasticsearch.action.support.single.shard.TransportSingleShardAction.doExecute(TransportSingleShardAction.java:53) ~[elasticsearch-8.11.0.jar:?]
	at org.elasticsearch.action.support.TransportAction$RequestFilterChain.proceed(TransportAction.java:87) ~[elasticsearch-8.11.0.jar:?]
	at org.elasticsearch.action.support.TransportAction.execute(TransportAction.java:62) ~[elasticsearch-8.11.0.jar:?]
	at org.elasticsearch.tasks.TaskManager.registerAndExecute(TaskManager.java:197) ~[elasticsearch-8.11.0.jar:?]
	at org.elasticsearch.client.internal.node.NodeClient.executeLocally(NodeClient.java:113) ~[elasticsearch-8.11.0.jar:?]
	at org.elasticsearch.client.internal.node.NodeClient.doExecute(NodeClient.java:91) ~[elasticsearch-8.11.0.jar:?]
	at org.elasticsearch.client.internal.support.AbstractClient.execute(AbstractClient.java:379) ~[elasticsearch-8.11.0.jar:?]
	at org.elasticsearch.client.internal.support.AbstractClient.get(AbstractClient.java:479) ~[elasticsearch-8.11.0.jar:?]
	at org.elasticsearch.rest.action.document.RestGetAction.lambda$prepareRequest$1(RestGetAction.java:86) ~[elasticsearch-8.11.0.jar:?]
	at org.elasticsearch.rest.BaseRestHandler.handleRequest(BaseRestHandler.java:103) ~[elasticsearch-8.11.0.jar:?]
	at org.elasticsearch.xpack.security.rest.SecurityRestFilter.doHandleRequest(SecurityRestFilter.java:96) ~[?:?]
	at org.elasticsearch.xpack.security.rest.SecurityRestFilter.handleRequest(SecurityRestFilter.java:76) ~[?:?]
	at org.elasticsearch.rest.RestController.dispatchRequest(RestController.java:414) ~[elasticsearch-8.11.0.jar:?]
	at org.elasticsearch.rest.RestController.tryAllHandlers(RestController.java:543) ~[elasticsearch-8.11.0.jar:?]
	at org.elasticsearch.rest.RestController.dispatchRequest(RestController.java:316) ~[elasticsearch-8.11.0.jar:?]
	at org.elasticsearch.http.AbstractHttpServerTransport.dispatchRequest(AbstractHttpServerTransport.java:453) ~[elasticsearch-8.11.0.jar:?]
	at org.elasticsearch.http.AbstractHttpServerTransport.handleIncomingRequest(AbstractHttpServerTransport.java:549) ~[elasticsearch-8.11.0.jar:?]
	at org.elasticsearch.http.AbstractHttpServerTransport.incomingRequest(AbstractHttpServerTransport.java:426) ~[elasticsearch-8.11.0.jar:?]
	at org.elasticsearch.http.netty4.Netty4HttpPipeliningHandler.handlePipelinedRequest(Netty4HttpPipeliningHandler.java:128) ~[?:?]
	at org.elasticsearch.http.netty4.Netty4HttpPipeliningHandler.channelRead(Netty4HttpPipeliningHandler.java:118) ~[?:?]
	at io.netty.channel.AbstractChannelHandlerContext.invokeChannelRead(AbstractChannelHandlerContext.java:442) ~[?:?]
	at io.netty.channel.AbstractChannelHandlerContext.invokeChannelRead(AbstractChannelHandlerContext.java:420) ~[?:?]
	at io.netty.channel.AbstractChannelHandlerContext.fireChannelRead(AbstractChannelHandlerContext.java:412) ~[?:?]
	at io.netty.handler.codec.MessageToMessageDecoder.channelRead(MessageToMessageDecoder.java:103) ~[?:?]
	at io.netty.handler.codec.MessageToMessageCodec.channelRead(MessageToMessageCodec.java:111) ~[?:?]
	at io.netty.channel.AbstractChannelHandlerContext.invokeChannelRead(AbstractChannelHandlerContext.java:442) ~[?:?]
	at io.netty.channel.AbstractChannelHandlerContext.invokeChannelRead(AbstractChannelHandlerContext.java:420) ~[?:?]
	at io.netty.channel.AbstractChannelHandlerContext.fireChannelRead(AbstractChannelHandlerContext.java:412) ~[?:?]
	at io.netty.handler.codec.MessageToMessageDecoder.channelRead(MessageToMessageDecoder.java:103) ~[?:?]
	at io.netty.channel.AbstractChannelHandlerContext.invokeChannelRead(AbstractChannelHandlerContext.java:444) ~[?:?]
	at io.netty.channel.AbstractChannelHandlerContext.invokeChannelRead(AbstractChannelHandlerContext.java:420) ~[?:?]
	at io.netty.channel.AbstractChannelHandlerContext.fireChannelRead(AbstractChannelHandlerContext.java:412) ~[?:?]
	at io.netty.handler.codec.MessageToMessageDecoder.channelRead(MessageToMessageDecoder.java:103) ~[?:?]
	at io.netty.channel.AbstractChannelHandlerContext.invokeChannelRead(AbstractChannelHandlerContext.java:444) ~[?:?]
	at io.netty.channel.AbstractChannelHandlerContext.invokeChannelRead(AbstractChannelHandlerContext.java:420) ~[?:?]
	at io.netty.channel.AbstractChannelHandlerContext.fireChannelRead(AbstractChannelHandlerContext.java:412) ~[?:?]
	at io.netty.handler.codec.ByteToMessageDecoder.fireChannelRead(ByteToMessageDecoder.java:346) ~[?:?]
	at io.netty.handler.codec.ByteToMessageDecoder.channelRead(ByteToMessageDecoder.java:318) ~[?:?]
	at io.netty.channel.AbstractChannelHandlerContext.invokeChannelRead(AbstractChannelHandlerContext.java:444) ~[?:?]
	at io.netty.channel.AbstractChannelHandlerContext.invokeChannelRead(AbstractChannelHandlerContext.java:420) ~[?:?]
	at io.netty.channel.AbstractChannelHandlerContext.fireChannelRead(AbstractChannelHandlerContext.java:412) ~[?:?]
	at io.netty.handler.codec.MessageToMessageDecoder.channelRead(MessageToMessageDecoder.java:103) ~[?:?]
	at io.netty.channel.AbstractChannelHandlerContext.invokeChannelRead(AbstractChannelHandlerContext.java:444) ~[?:?]
	at io.netty.channel.AbstractChannelHandlerContext.invokeChannelRead(AbstractChannelHandlerContext.java:420) ~[?:?]
	at io.netty.channel.AbstractChannelHandlerContext.fireChannelRead(AbstractChannelHandlerContext.java:412) ~[?:?]
	at io.netty.channel.DefaultChannelPipeline$HeadContext.channelRead(DefaultChannelPipeline.java:1410) ~[?:?]
	at io.netty.channel.AbstractChannelHandlerContext.invokeChannelRead(AbstractChannelHandlerContext.java:440) ~[?:?]
	at io.netty.channel.AbstractChannelHandlerContext.invokeChannelRead(AbstractChannelHandlerContext.java:420) ~[?:?]
	at io.netty.channel.DefaultChannelPipeline.fireChannelRead(DefaultChannelPipeline.java:919) ~[?:?]
	at io.netty.channel.nio.AbstractNioByteChannel$NioByteUnsafe.read(AbstractNioByteChannel.java:166) ~[?:?]
	at io.netty.channel.nio.NioEventLoop.processSelectedKey(NioEventLoop.java:788) ~[?:?]
	at io.netty.channel.nio.NioEventLoop.processSelectedKeysPlain(NioEventLoop.java:689) ~[?:?]
	at io.netty.channel.nio.NioEventLoop.processSelectedKeys(NioEventLoop.java:652) ~[?:?]
	at io.netty.channel.nio.NioEventLoop.run(NioEventLoop.java:562) ~[?:?]
	at io.netty.util.concurrent.SingleThreadEventExecutor$4.run(SingleThreadEventExecutor.java:997) ~[?:?]
	at io.netty.util.internal.ThreadExecutorMap$2.run(ThreadExecutorMap.java:74) ~[?:?]
	at java.lang.Thread.run(Unknown Source) ~[?:?]
2024.07.23 08:00:01 INFO  es[][o.e.n.Node] stopping ...
2024.07.23 08:00:01 INFO  es[][o.e.c.f.AbstractFileWatchingService] shutting down watcher thread
2024.07.23 08:00:01 INFO  es[][o.e.c.f.AbstractFileWatchingService] watcher service stopped
2024.07.23 08:00:01 INFO  es[][o.e.n.Node] stopped
2024.07.23 08:00:01 INFO  es[][o.e.n.Node] closing ...
2024.07.23 08:00:01 INFO  es[][o.e.n.Node] closed
2024.07.23 08:00:50 INFO  es[][o.e.n.Node] version[8.11.0], pid[145], build[tar/d9ec3fa628c7b0ba3d25692e277ba26814820b20/2023-11-04T10:04:57.184859352Z], OS[Linux/5.15.133.1-microsoft-standard-WSL2/amd64], JVM[Eclipse Adoptium/OpenJDK 64-Bit Server VM/17.0.11/17.0.11+9]
2024.07.23 08:00:50 INFO  es[][o.e.n.Node] JVM home [/opt/java/openjdk], using bundled JDK [false]
2024.07.23 08:00:50 INFO  es[][o.e.n.Node] JVM arguments [-Des.networkaddress.cache.ttl=60, -Des.networkaddress.cache.negative.ttl=10, -Djava.security.manager=allow, -XX:+AlwaysPreTouch, -Xss1m, -Djava.awt.headless=true, -Dfile.encoding=UTF-8, -Djna.nosys=true, -XX:-OmitStackTraceInFastThrow, -Dio.netty.noUnsafe=true, -Dio.netty.noKeySetOptimization=true, -Dio.netty.recycler.maxCapacityPerThread=0, -Dlog4j.shutdownHookEnabled=false, -Dlog4j2.disable.jmx=true, -Dlog4j2.formatMsgNoLookups=true, -Djava.locale.providers=SPI,COMPAT, --add-opens=java.base/java.io=org.elasticsearch.preallocate, -XX:+UseG1GC, -Djava.io.tmpdir=/opt/sonarqube/temp, -XX:ErrorFile=/opt/sonarqube/logs/es_hs_err_pid%p.log, -Xlog:disable, -Des.networkaddress.cache.ttl=60, -Des.networkaddress.cache.negative.ttl=10, -XX:+AlwaysPreTouch, -Xss1m, -Djava.awt.headless=true, -Dfile.encoding=UTF-8, -Djna.nosys=true, -Djna.tmpdir=/opt/sonarqube/temp, -XX:-OmitStackTraceInFastThrow, -Dio.netty.noUnsafe=true, -Dio.netty.noKeySetOptimization=true, -Dio.netty.recycler.maxCapacityPerThread=0, -Dio.netty.allocator.numDirectArenas=0, -Dlog4j.shutdownHookEnabled=false, -Dlog4j2.disable.jmx=true, -Dlog4j2.formatMsgNoLookups=true, -Djava.locale.providers=COMPAT, -Dcom.redhat.fips=false, -Xmx512m, -Xms512m, -XX:MaxDirectMemorySize=256m, -XX:+HeapDumpOnOutOfMemoryError, -XX:G1HeapRegionSize=4m, -XX:InitiatingHeapOccupancyPercent=30, -XX:G1ReservePercent=15, -Des.distribution.type=tar, --module-path=/opt/sonarqube/elasticsearch/lib, --add-modules=jdk.net, --add-modules=ALL-MODULE-PATH, -Djdk.module.main=org.elasticsearch.server]
2024.07.23 08:00:51 INFO  es[][o.e.p.PluginsService] loaded module [lang-painless]
2024.07.23 08:00:51 INFO  es[][o.e.p.PluginsService] loaded module [parent-join]
2024.07.23 08:00:51 INFO  es[][o.e.p.PluginsService] loaded module [x-pack-core]
2024.07.23 08:00:51 INFO  es[][o.e.p.PluginsService] loaded module [old-lucene-versions]
2024.07.23 08:00:51 INFO  es[][o.e.p.PluginsService] loaded module [rest-root]
2024.07.23 08:00:51 INFO  es[][o.e.p.PluginsService] loaded module [reindex]
2024.07.23 08:00:51 INFO  es[][o.e.p.PluginsService] loaded module [x-pack-redact]
2024.07.23 08:00:51 INFO  es[][o.e.p.PluginsService] loaded module [analysis-common]
2024.07.23 08:00:51 INFO  es[][o.e.p.PluginsService] loaded module [x-pack-security]
2024.07.23 08:00:51 INFO  es[][o.e.p.PluginsService] loaded module [transport-netty4]
2024.07.23 08:00:51 INFO  es[][o.e.p.PluginsService] loaded module [apm]
2024.07.23 08:00:51 INFO  es[][o.e.p.PluginsService] loaded module [aggregations]
2024.07.23 08:00:53 INFO  es[][o.e.e.NodeEnvironment] using [1] data paths, mounts [[/opt/sonarqube/data (C:\)]], net usable_space [50.9gb], net total_space [588.5gb], types [9p]
2024.07.23 08:00:53 INFO  es[][o.e.e.NodeEnvironment] heap size [512mb], compressed ordinary object pointers [true]
2024.07.23 08:00:53 INFO  es[][o.e.n.Node] node name [sonarqube], node ID [zbEsjGluSU6IPdlhMuSB-Q], cluster name [sonarqube], roles [transform, data_content, data_warm, master, remote_cluster_client, data, data_cold, ingest, data_frozen, ml, data_hot]
2024.07.23 08:00:54 INFO  es[][o.e.x.s.Security] Security is disabled
2024.07.23 08:00:54 INFO  es[][o.e.t.n.NettyAllocator] creating NettyAllocator with the following configs: [name=unpooled, suggested_max_allocation_size=1mb, factors={es.unsafe.use_unpooled_allocator=null, g1gc_enabled=true, g1gc_region_size=4mb, heap_size=512mb}]
2024.07.23 08:00:54 INFO  es[][o.e.i.r.RecoverySettings] using rate limit [40mb] with [default=40mb, read=0b, write=0b, max=0b]
2024.07.23 08:00:54 INFO  es[][o.e.d.DiscoveryModule] using discovery type [single-node] and seed hosts providers [settings]
2024.07.23 08:00:55 INFO  es[][o.e.n.Node] initialized
2024.07.23 08:00:55 INFO  es[][o.e.n.Node] starting ...
2024.07.23 08:00:55 INFO  es[][o.e.t.TransportService] publish_address {127.0.0.1:33533}, bound_addresses {127.0.0.1:33533}
2024.07.23 08:00:55 INFO  es[][o.e.c.c.ClusterBootstrapService] this node is locked into cluster UUID [K19FA_m5TOK2_4_Jqe5pmg] and will not attempt further cluster bootstrapping
2024.07.23 08:00:55 INFO  es[][o.e.c.s.MasterService] elected-as-master ([1] nodes joined in term 6)[_FINISH_ELECTION_, {sonarqube}{zbEsjGluSU6IPdlhMuSB-Q}{4q_JcC3JQem_tk4YILywAw}{sonarqube}{127.0.0.1}{127.0.0.1:33533}{cdfhilmrstw}{8.11.0}{7000099-8500003} completing election], term: 6, version: 29, delta: master node changed {previous [], current [{sonarqube}{zbEsjGluSU6IPdlhMuSB-Q}{4q_JcC3JQem_tk4YILywAw}{sonarqube}{127.0.0.1}{127.0.0.1:33533}{cdfhilmrstw}{8.11.0}{7000099-8500003}]}
2024.07.23 08:00:55 INFO  es[][o.e.c.s.ClusterApplierService] master node changed {previous [], current [{sonarqube}{zbEsjGluSU6IPdlhMuSB-Q}{4q_JcC3JQem_tk4YILywAw}{sonarqube}{127.0.0.1}{127.0.0.1:33533}{cdfhilmrstw}{8.11.0}{7000099-8500003}]}, term: 6, version: 29, reason: Publication{term=6, version=29}
2024.07.23 08:00:55 INFO  es[][o.e.c.f.AbstractFileWatchingService] starting file watcher ...
2024.07.23 08:00:55 INFO  es[][o.e.c.f.AbstractFileWatchingService] file settings service up and running [tid=41]
2024.07.23 08:00:55 INFO  es[][o.e.c.c.NodeJoinExecutor] node-join: [{sonarqube}{zbEsjGluSU6IPdlhMuSB-Q}{4q_JcC3JQem_tk4YILywAw}{sonarqube}{127.0.0.1}{127.0.0.1:33533}{cdfhilmrstw}{8.11.0}{7000099-8500003}] with reason [completing election]
2024.07.23 08:00:55 INFO  es[][o.e.h.AbstractHttpServerTransport] publish_address {127.0.0.1:9001}, bound_addresses {127.0.0.1:9001}
2024.07.23 08:00:55 INFO  es[][o.e.n.Node] started {sonarqube}{zbEsjGluSU6IPdlhMuSB-Q}{4q_JcC3JQem_tk4YILywAw}{sonarqube}{127.0.0.1}{127.0.0.1:33533}{cdfhilmrstw}{8.11.0}{7000099-8500003}{xpack.installed=true, rack_id=sonarqube}
2024.07.23 08:00:56 INFO  es[][o.e.l.ClusterStateLicenseService] license [b9274032-0e4d-4c12-bb1c-cf235808802d] mode [basic] - valid
2024.07.23 08:00:56 INFO  es[][o.e.g.GatewayService] recovered [1] indices into cluster_state
2024.07.23 08:00:56 INFO  es[][o.e.h.n.s.HealthNodeTaskExecutor] Node [{sonarqube}{zbEsjGluSU6IPdlhMuSB-Q}] is selected as the current health node.
2024.07.23 08:00:56 INFO  es[][o.e.c.r.a.AllocationService] current.health="RED" message="Cluster health status changed from [YELLOW] to [RED] (reason: [reconcile-desired-balance])." previous.health="YELLOW" reason="reconcile-desired-balance"
2024.07.23 08:01:03 WARN  es[][r.suppressed] path: /metadatas/_doc/dbVendor, params: {stored_fields=value, index=metadatas, id=dbVendor}
org.elasticsearch.action.NoShardAvailableActionException: No shard available for [get [metadatas][dbVendor]: routing [null]]
	at org.elasticsearch.action.support.single.shard.TransportSingleShardAction$AsyncSingleAction.perform(TransportSingleShardAction.java:210) ~[elasticsearch-8.11.0.jar:?]
	at org.elasticsearch.action.support.single.shard.TransportSingleShardAction$AsyncSingleAction.start(TransportSingleShardAction.java:187) ~[elasticsearch-8.11.0.jar:?]
	at org.elasticsearch.action.support.single.shard.TransportSingleShardAction.doExecute(TransportSingleShardAction.java:106) ~[elasticsearch-8.11.0.jar:?]
	at org.elasticsearch.action.support.single.shard.TransportSingleShardAction.doExecute(TransportSingleShardAction.java:53) ~[elasticsearch-8.11.0.jar:?]
	at org.elasticsearch.action.support.TransportAction$RequestFilterChain.proceed(TransportAction.java:87) ~[elasticsearch-8.11.0.jar:?]
	at org.elasticsearch.action.support.TransportAction.execute(TransportAction.java:62) ~[elasticsearch-8.11.0.jar:?]
	at org.elasticsearch.tasks.TaskManager.registerAndExecute(TaskManager.java:197) ~[elasticsearch-8.11.0.jar:?]
	at org.elasticsearch.client.internal.node.NodeClient.executeLocally(NodeClient.java:113) ~[elasticsearch-8.11.0.jar:?]
	at org.elasticsearch.client.internal.node.NodeClient.doExecute(NodeClient.java:91) ~[elasticsearch-8.11.0.jar:?]
	at org.elasticsearch.client.internal.support.AbstractClient.execute(AbstractClient.java:379) ~[elasticsearch-8.11.0.jar:?]
	at org.elasticsearch.client.internal.support.AbstractClient.get(AbstractClient.java:479) ~[elasticsearch-8.11.0.jar:?]
	at org.elasticsearch.rest.action.document.RestGetAction.lambda$prepareRequest$1(RestGetAction.java:86) ~[elasticsearch-8.11.0.jar:?]
	at org.elasticsearch.rest.BaseRestHandler.handleRequest(BaseRestHandler.java:103) ~[elasticsearch-8.11.0.jar:?]
	at org.elasticsearch.xpack.security.rest.SecurityRestFilter.doHandleRequest(SecurityRestFilter.java:96) ~[?:?]
	at org.elasticsearch.xpack.security.rest.SecurityRestFilter.handleRequest(SecurityRestFilter.java:76) ~[?:?]
	at org.elasticsearch.rest.RestController.dispatchRequest(RestController.java:414) ~[elasticsearch-8.11.0.jar:?]
	at org.elasticsearch.rest.RestController.tryAllHandlers(RestController.java:543) ~[elasticsearch-8.11.0.jar:?]
	at org.elasticsearch.rest.RestController.dispatchRequest(RestController.java:316) ~[elasticsearch-8.11.0.jar:?]
	at org.elasticsearch.http.AbstractHttpServerTransport.dispatchRequest(AbstractHttpServerTransport.java:453) ~[elasticsearch-8.11.0.jar:?]
	at org.elasticsearch.http.AbstractHttpServerTransport.handleIncomingRequest(AbstractHttpServerTransport.java:549) ~[elasticsearch-8.11.0.jar:?]
	at org.elasticsearch.http.AbstractHttpServerTransport.incomingRequest(AbstractHttpServerTransport.java:426) ~[elasticsearch-8.11.0.jar:?]
	at org.elasticsearch.http.netty4.Netty4HttpPipeliningHandler.handlePipelinedRequest(Netty4HttpPipeliningHandler.java:128) ~[?:?]
	at org.elasticsearch.http.netty4.Netty4HttpPipeliningHandler.channelRead(Netty4HttpPipeliningHandler.java:118) ~[?:?]
	at io.netty.channel.AbstractChannelHandlerContext.invokeChannelRead(AbstractChannelHandlerContext.java:442) ~[?:?]
	at io.netty.channel.AbstractChannelHandlerContext.invokeChannelRead(AbstractChannelHandlerContext.java:420) ~[?:?]
	at io.netty.channel.AbstractChannelHandlerContext.fireChannelRead(AbstractChannelHandlerContext.java:412) ~[?:?]
	at io.netty.handler.codec.MessageToMessageDecoder.channelRead(MessageToMessageDecoder.java:103) ~[?:?]
	at io.netty.handler.codec.MessageToMessageCodec.channelRead(MessageToMessageCodec.java:111) ~[?:?]
	at io.netty.channel.AbstractChannelHandlerContext.invokeChannelRead(AbstractChannelHandlerContext.java:442) ~[?:?]
	at io.netty.channel.AbstractChannelHandlerContext.invokeChannelRead(AbstractChannelHandlerContext.java:420) ~[?:?]
	at io.netty.channel.AbstractChannelHandlerContext.fireChannelRead(AbstractChannelHandlerContext.java:412) ~[?:?]
	at io.netty.handler.codec.MessageToMessageDecoder.channelRead(MessageToMessageDecoder.java:103) ~[?:?]
	at io.netty.channel.AbstractChannelHandlerContext.invokeChannelRead(AbstractChannelHandlerContext.java:444) ~[?:?]
	at io.netty.channel.AbstractChannelHandlerContext.invokeChannelRead(AbstractChannelHandlerContext.java:420) ~[?:?]
	at io.netty.channel.AbstractChannelHandlerContext.fireChannelRead(AbstractChannelHandlerContext.java:412) ~[?:?]
	at io.netty.handler.codec.MessageToMessageDecoder.channelRead(MessageToMessageDecoder.java:103) ~[?:?]
	at io.netty.channel.AbstractChannelHandlerContext.invokeChannelRead(AbstractChannelHandlerContext.java:444) ~[?:?]
	at io.netty.channel.AbstractChannelHandlerContext.invokeChannelRead(AbstractChannelHandlerContext.java:420) ~[?:?]
	at io.netty.channel.AbstractChannelHandlerContext.fireChannelRead(AbstractChannelHandlerContext.java:412) ~[?:?]
	at io.netty.handler.codec.ByteToMessageDecoder.fireChannelRead(ByteToMessageDecoder.java:346) ~[?:?]
	at io.netty.handler.codec.ByteToMessageDecoder.channelRead(ByteToMessageDecoder.java:318) ~[?:?]
	at io.netty.channel.AbstractChannelHandlerContext.invokeChannelRead(AbstractChannelHandlerContext.java:444) ~[?:?]
	at io.netty.channel.AbstractChannelHandlerContext.invokeChannelRead(AbstractChannelHandlerContext.java:420) ~[?:?]
	at io.netty.channel.AbstractChannelHandlerContext.fireChannelRead(AbstractChannelHandlerContext.java:412) ~[?:?]
	at io.netty.handler.codec.MessageToMessageDecoder.channelRead(MessageToMessageDecoder.java:103) ~[?:?]
	at io.netty.channel.AbstractChannelHandlerContext.invokeChannelRead(AbstractChannelHandlerContext.java:444) ~[?:?]
	at io.netty.channel.AbstractChannelHandlerContext.invokeChannelRead(AbstractChannelHandlerContext.java:420) ~[?:?]
	at io.netty.channel.AbstractChannelHandlerContext.fireChannelRead(AbstractChannelHandlerContext.java:412) ~[?:?]
	at io.netty.channel.DefaultChannelPipeline$HeadContext.channelRead(DefaultChannelPipeline.java:1410) ~[?:?]
	at io.netty.channel.AbstractChannelHandlerContext.invokeChannelRead(AbstractChannelHandlerContext.java:440) ~[?:?]
	at io.netty.channel.AbstractChannelHandlerContext.invokeChannelRead(AbstractChannelHandlerContext.java:420) ~[?:?]
	at io.netty.channel.DefaultChannelPipeline.fireChannelRead(DefaultChannelPipeline.java:919) ~[?:?]
	at io.netty.channel.nio.AbstractNioByteChannel$NioByteUnsafe.read(AbstractNioByteChannel.java:166) ~[?:?]
	at io.netty.channel.nio.NioEventLoop.processSelectedKey(NioEventLoop.java:788) ~[?:?]
	at io.netty.channel.nio.NioEventLoop.processSelectedKeysPlain(NioEventLoop.java:689) ~[?:?]
	at io.netty.channel.nio.NioEventLoop.processSelectedKeys(NioEventLoop.java:652) ~[?:?]
	at io.netty.channel.nio.NioEventLoop.run(NioEventLoop.java:562) ~[?:?]
	at io.netty.util.concurrent.SingleThreadEventExecutor$4.run(SingleThreadEventExecutor.java:997) ~[?:?]
	at io.netty.util.internal.ThreadExecutorMap$2.run(ThreadExecutorMap.java:74) ~[?:?]
	at java.lang.Thread.run(Unknown Source) ~[?:?]
2024.07.23 08:01:04 INFO  es[][o.e.n.Node] stopping ...
2024.07.23 08:01:04 INFO  es[][o.e.c.f.AbstractFileWatchingService] shutting down watcher thread
2024.07.23 08:01:04 INFO  es[][o.e.c.f.AbstractFileWatchingService] watcher service stopped
2024.07.23 08:01:04 INFO  es[][o.e.n.Node] stopped
2024.07.23 08:01:04 INFO  es[][o.e.n.Node] closing ...
2024.07.23 08:01:04 INFO  es[][o.e.n.Node] closed
